Infozimo/build/outputs/logs/manifest-merger-debug-report.txt
-- Merging decision tree log ---
manifest
ADDED from src/main/AndroidManifest.xml:2:1-79:12
	package
		ADDED from src/main/AndroidManifest.xml:3:5-35
		INJECTED from src/main/AndroidManifest.xml
		INJECTED from src/main/AndroidManifest.xml
	android:versionName
		ADDED from src/main/AndroidManifest.xml:5:5-30
		INJECTED from src/main/AndroidManifest.xml
		INJECTED from src/main/AndroidManifest.xml
	android:versionCode
		ADDED from src/main/AndroidManifest.xml:4:5-28
		INJECTED from src/main/AndroidManifest.xml
		INJECTED from src/main/AndroidManifest.xml
	xmlns:android
		ADDED from src/main/AndroidManifest.xml:2:11-69
uses-permission#android.permission.INTERNET
ADDED from src/main/AndroidManifest.xml:7:5-67
	android:name
		ADDED from src/main/AndroidManifest.xml:7:22-64
uses-permission#android.permission.ACCESS_NETWORK_STATE
ADDED from src/main/AndroidManifest.xml:8:5-79
	android:name
		ADDED from src/main/AndroidManifest.xml:8:22-76
uses-permission#android.permission.WRITE_EXTERNAL_STORAGE
ADDED from src/main/AndroidManifest.xml:9:5-80
	android:name
		ADDED from src/main/AndroidManifest.xml:9:22-78
uses-permission#android.permission.WRITE_INTERNAL_STORAGE
ADDED from src/main/AndroidManifest.xml:10:5-80
	android:name
		ADDED from src/main/AndroidManifest.xml:10:22-78
uses-sdk
ADDED from src/main/AndroidManifest.xml:12:5-14:41
MERGED from [com.android.support:appcompat-v7:24.2.1] AndroidManifest.xml:21:5-23:78
MERGED from [com.android.support:support-v4:24.2.1] AndroidManifest.xml:21:5-23:54
MERGED from [com.android.support:support-compat:24.2.1] AndroidManifest.xml:21:5-23:58
MERGED from [com.android.support:support-media-compat:24.2.1] AndroidManifest.xml:21:5-23:63
MERGED from [com.android.support:support-core-utils:24.2.1] AndroidManifest.xml:21:5-23:61
MERGED from [com.android.support:support-core-ui:24.2.1] AndroidManifest.xml:21:5-23:58
MERGED from [com.android.support:support-fragment:24.2.1] AndroidManifest.xml:21:5-23:60
MERGED from [com.android.support:support-vector-drawable:24.2.1] AndroidManifest.xml:21:5-43
MERGED from [com.android.support:animated-vector-drawable:24.2.1] AndroidManifest.xml:20:5-44
	tools:overrideLibrary
		ADDED from [com.android.support:appcompat-v7:24.2.1] AndroidManifest.xml:23:9-75
	android:targetSdkVersion
		ADDED from src/main/AndroidManifest.xml:14:9-38
		INJECTED from src/main/AndroidManifest.xml
		INJECTED from src/main/AndroidManifest.xml
	android:minSdkVersion
		ADDED from src/main/AndroidManifest.xml:13:9-35
		INJECTED from src/main/AndroidManifest.xml
		INJECTED from src/main/AndroidManifest.xml
application
ADDED from src/main/AndroidManifest.xml:16:5-77:19
MERGED from [com.android.support:appcompat-v7:24.2.1] AndroidManifest.xml:25:5-20
MERGED from [com.android.support:support-v4:24.2.1] AndroidManifest.xml:25:5-20
MERGED from [com.android.support:support-compat:24.2.1] AndroidManifest.xml:25:5-20
MERGED from [com.android.support:support-media-compat:24.2.1] AndroidManifest.xml:25:5-20
MERGED from [com.android.support:support-core-utils:24.2.1] AndroidManifest.xml:25:5-20
MERGED from [com.android.support:support-core-ui:24.2.1] AndroidManifest.xml:25:5-20
MERGED from [com.android.support:support-fragment:24.2.1] AndroidManifest.xml:25:5-20
MERGED from [com.android.support:support-vector-drawable:24.2.1] AndroidManifest.xml:23:5-20
MERGED from [com.android.support:animated-vector-drawable:24.2.1] AndroidManifest.xml:22:5-20
	android:label
		ADDED from src/main/AndroidManifest.xml:20:9-41
	android:allowBackup
		ADDED from src/main/AndroidManifest.xml:18:9-35
	android:icon
		ADDED from src/main/AndroidManifest.xml:19:9-45
	android:theme
		ADDED from src/main/AndroidManifest.xml:21:9-56
	android:name
		ADDED from src/main/AndroidManifest.xml:17:9-58
activity#com.infozimo.android.InfoFragment
ADDED from src/main/AndroidManifest.xml:23:9-28:20
	android:screenOrientation
		ADDED from src/main/AndroidManifest.xml:26:13-49
	android:label
		ADDED from src/main/AndroidManifest.xml:25:13-45
	android:name
		ADDED from src/main/AndroidManifest.xml:24:13-41
activity#com.infozimo.android.TagsFragment
ADDED from src/main/AndroidManifest.xml:29:9-34:20
	android:screenOrientation
		ADDED from src/main/AndroidManifest.xml:32:13-49
	android:label
		ADDED from src/main/AndroidManifest.xml:31:13-56
	android:name
		ADDED from src/main/AndroidManifest.xml:30:13-41
activity#com.infozimo.android.LoginActivity
ADDED from src/main/AndroidManifest.xml:35:9-40:20
	android:screenOrientation
		ADDED from src/main/AndroidManifest.xml:38:13-49
	android:label
		ADDED from src/main/AndroidManifest.xml:37:13-45
	android:name
		ADDED from src/main/AndroidManifest.xml:36:13-42
activity#com.infozimo.android.PostFragment
ADDED from src/main/AndroidManifest.xml:42:9-48:20
	android:screenOrientation
		ADDED from src/main/AndroidManifest.xml:46:13-49
	android:label
		ADDED from src/main/AndroidManifest.xml:44:13-45
	android:configChanges
		ADDED from src/main/AndroidManifest.xml:45:13-60
	android:name
		ADDED from src/main/AndroidManifest.xml:43:13-41
activity#com.infozimo.android.MainActivity
ADDED from src/main/AndroidManifest.xml:50:9-61:20
	android:screenOrientation
		ADDED from src/main/AndroidManifest.xml:54:13-49
	android:label
		ADDED from src/main/AndroidManifest.xml:52:13-45
	android:configChanges
		ADDED from src/main/AndroidManifest.xml:53:13-60
	android:name
		ADDED from src/main/AndroidManifest.xml:51:13-41
intent-filter#android.intent.action.MAIN+android.intent.category.LAUNCHER
ADDED from src/main/AndroidManifest.xml:55:13-59:29
action#android.intent.action.MAIN
ADDED from src/main/AndroidManifest.xml:56:17-69
	android:name
		ADDED from src/main/AndroidManifest.xml:56:25-66
category#android.intent.category.LAUNCHER
ADDED from src/main/AndroidManifest.xml:58:17-77
	android:name
		ADDED from src/main/AndroidManifest.xml:58:27-74
activity#com.startapp.android.publish.list3d.List3DActivity
ADDED from src/main/AndroidManifest.xml:64:9-66:52
	android:theme
		ADDED from src/main/AndroidManifest.xml:66:13-49
	android:name
		ADDED from src/main/AndroidManifest.xml:65:13-78
activity#com.startapp.android.publish.OverlayActivity
ADDED from src/main/AndroidManifest.xml:67:9-70:64
	android:configChanges
		ADDED from src/main/AndroidManifest.xml:69:13-74
	android:theme
		ADDED from src/main/AndroidManifest.xml:70:13-61
	android:name
		ADDED from src/main/AndroidManifest.xml:68:13-72
activity#com.startapp.android.publish.FullScreenActivity
ADDED from src/main/AndroidManifest.xml:71:9-74:52
	android:configChanges
		ADDED from src/main/AndroidManifest.xml:73:13-74
	android:theme
		ADDED from src/main/AndroidManifest.xml:74:13-49
	android:name
		ADDED from src/main/AndroidManifest.xml:72:13-75